<?xml version="1.0" encoding="UTF-8"?>
<testng-results ignored="0" total="1" passed="1" failed="0" skipped="0">
  <reporter-output>
    <line>
      <![CDATA[Ebay Search Test is Successful...]]>
    </line>
  </reporter-output>
  <suite started-at="2022-06-22T20:57:16 IST" name="Suite" finished-at="2022-06-22T20:58:28 IST" duration-ms="71789">
    <groups>
    </groups>
    <test started-at="2022-06-22T20:57:16 IST" name="Test" finished-at="2022-06-22T20:58:28 IST" duration-ms="71789">
      <class name="mydemos.MyTest">
        <test-method signature="f()[pri:0, instance:mydemos.MyTest@7bd4937b]" started-at="2022-06-22T20:57:17 IST" name="f" finished-at="2022-06-22T20:58:28 IST" duration-ms="71325" status="PASS">
          <reporter-output>
            <line>
              <![CDATA[Ebay Search Test is Successful...]]>
            </line>
          </reporter-output>
        </test-method> <!-- f -->
      </class> <!-- mydemos.MyTest -->
    </test> <!-- Test -->
  </suite> <!-- Suite -->
</testng-results>
