<?xml version="1.0" encoding="UTF-8"?>
<testng-results ignored="0" total="1" passed="1" failed="0" skipped="0">
  <reporter-output>
    <line>
      <![CDATA[Ebay Product Search Test is Successful...]]>
    </line>
  </reporter-output>
  <suite started-at="2022-06-24T19:39:20 IST" name="Default suite" finished-at="2022-06-24T19:40:53 IST" duration-ms="92899">
    <groups>
    </groups>
    <test started-at="2022-06-24T19:39:20 IST" name="Default test" finished-at="2022-06-24T19:40:53 IST" duration-ms="92899">
      <class name="pomTests.POMEbayProdSearchTest">
        <test-method signature="prodSearch()[pri:0, instance:pomTests.POMEbayProdSearchTest@4b45a2f5]" started-at="2022-06-24T19:39:20 IST" name="prodSearch" finished-at="2022-06-24T19:40:53 IST" duration-ms="92719" status="PASS">
          <reporter-output>
            <line>
              <![CDATA[Ebay Product Search Test is Successful...]]>
            </line>
          </reporter-output>
        </test-method> <!-- prodSearch -->
      </class> <!-- pomTests.POMEbayProdSearchTest -->
    </test> <!-- Default test -->
  </suite> <!-- Default suite -->
</testng-results>
